|SourceProjectName:MS_GRCI_OnlineHelp.hpr
|DestinationProjectName:index.htm
whhost.js
whmsg.js
whmozemu.js
whutils.js
whproxy.js
whstub.js
whver.js
whform.js
whphost.js
whstart.js
whtopic.js
whframes.js
whlang.js
XmlReadHelper.js
whskin_info.htm
whskin_blank.htm
whskin_pickup.htm
whskin_homepage.htm
whskin_tw.htm
whnjs.htm
whthost.js
whtdhtml.htm
whihost.js
whibody.htm
whiform.htm
whfhost.js
whfbody.htm
whfform.htm
whghost.js
whgbody.htm
whgdhtml.htm
whgdef.htm
whproj.js
whproj.htm
whdata\whtoc.js
whdata\whtoc.htm
whdata\whtdata.js
whdata\whidx.js
whdata\whidx.htm
whdata\whidata.js
whdata\whglo.js
whdata\whglo.htm
whdata\whgdata.js
whgdata\whnvp30.htm
whgdata\whnvp31.htm
whgdata\whnvp32.htm
whgdata\whnvp33.htm
whgdata\whnvt30.htm
whgdata\whnvt31.htm
whgdata\whnvt32.htm
whgdata\whnvt33.htm
whgdata\whnvf30.htm
whgdata\whnvf31.htm
whgdata\whnvf32.htm
whgdata\whnvf33.htm
whgdata\whnvl31.htm
whgdata\whnvl32.htm
whgdata\whnvl33.htm
whgdata\whexpbar.gif
cshdat_webhelp.htm
whcsh_home.htm
whcshdata.js
cshdat_robohelp.htm
wht_tab0.gif
wht_tab1.gif
wht_tab2.gif
wht_tab3.gif
wht_tab4.gif
wht_tab5.gif
wht_tab6.gif
wht_tab7.gif
wht_tab8.gif
wht_glo_h.gif
wht_glo_n.gif
wht_fts_h.gif
wht_fts_n.gif
wht_idx_h.gif
wht_idx_n.gif
wht_toc_h.gif
wht_toc_n.gif
wht_ws.gif
wht_ws_g.gif
wht_logo1.gif
wht_logo2.gif
wht_abgw.jpg
wht_abgi.jpg
wht_abge.jpg
wht_abtw.jpg
wht_abte.jpg
wht_abti.jpg
wht_spac.gif
wht_next.gif
wht_next_g.gif
wht_prev.gif
wht_prev_g.gif
wht_sync.gif
wht_hide.gif
wht_go.gif
whstart.ico
whestart.ico
whrstart.ico
whidhtml.htm
whfdhtml.htm
whskin_banner.htm
whtbar.js
new_website_06.jpg
feedback.jpg
Feedback.htm
conetent.jpg
index.jpg
search_final.jpg
glossary2.jpg
closed_book.jpg
Open_book.jpg
whskin_pdhtml.htm
whskin_plist.htm
whskin_tbars.htm
whskin_mbars.htm
wht_toc4.gif
wht_toc3.gif
whskin_frmset010.htm
whst_topics.xml
whskin_frmset01.htm
index_hha.hhk
index.hhc
index.hhk
GRCI_Home_Page.htm
Main_Home_Page.htm
MS_GRCI_UserGuide\Common_Functions\Common_Functions.htm
MS_GRCI_UserGuide\Governance_Risk_Compliance_Intelligence\MS_RGA_ALERT_OBJECT_RELATIONS.htm
MS_GRCI_UserGuide\Governance_Risk_Compliance_Intelligence\MS_RGA_CHANNEL_DTLS.htm
MS_GRCI_UserGuide\Governance_Risk_Compliance_Intelligence\MS_RGA_LOG_ISSUES.htm
MS_GRCI_UserGuide\Governance_Risk_Compliance_Intelligence\MS_RGA_MY_SUBSCRIPTION.htm
MS_GRCI_UserGuide\Governance_Risk_Compliance_Intelligence\MS_RGA_NOTIFY_USERS.htm
MS_GRCI_UserGuide\Introduction\Introduction.htm
MS_GRCI_UserGuide\Reports\Reports.htm
MS_GRCI_UserGuide\Security_Model_Roles_and_Infocenters\Security_Model_and_User_Interface.htm
MS_GRCI_UserGuide.pdf
index.glo
MetricStream.css
Set_Up_Channels_Infocenter.jpg
Hand.jpg
Stripes_vert_yellow.jpg
GridCollapseItem00011.jpg
GridCollapseItemType00009.jpg
My_Alets_Infocenter.jpg
MultiWindowMinimizeIcon.jpg
FormToolBarPrint.jpg
GridExpandItem.jpg
GridExpandItemType.jpg
GridColumnDropdown00008.jpg
GridColumnDropdown00007.jpg
GridColumnDropdown.jpg
MultiWindowPinIcon.jpg
FormToolBarCancelSubmit.jpg
Trng_Image.jpg
Report_Filters___Alert_summary.jpg
RTFIcon00014.jpg
RTFIcon00004.jpg
ErrorMessage.jpg
GridObjectsPerPage.jpg
GridClearFilters.jpg
FormToolBarCancelViewReports.jpg
Overview-Diagram.jpg
GridCollapseItem.jpg
GridFilters.jpg
GridDelteCheckbox.jpg
My_Subscriptions_Infocenter.jpg
ORBWindow.jpg
RTFIcon.jpg
GridRefresh.jpg
GridExpandItemType00010.jpg
MultiWindowCloseIcon.jpg
Minimize00003.jpg
MultiWindowUnpinIcon.jpg
Mandatory_field.jpg
Accessing_Infoport_Reports.jpg
MS_GRCI_UserGuide\Governance_Risk_Compliance_Intelligence\expandable_collapsible_icon00005.jpg
Accessing_Link_Alerts_to_GRCF_form.jpg
GridFirstPage.jpg
MultiWindowContextSensitiveOptions.jpg
MultiWindowSample.jpg
Asterisk.jpg
MS_GRCI_UserGuide\Governance_Risk_Compliance_Intelligence\expandable_collapsible_icon.jpg
GridFunction.jpg
MultiWindowPinUnipn.jpg
FormToolBarCancelSaveDraft.jpg
GRCIntellignceInfocenter.jpg
GridExpandCollapse.jpg
My_Reports_Infocenter.jpg
AttachYellowIcon.jpg
GridExpandItem00012.jpg
GridColumnSelection.jpg
Restore.jpg
Content.jpg
Stripes_horiz_aqua.jpg
AttachBlueIcon00018.jpg
DeleteIcon.jpg
TreeOptions.jpg
FormToolBarSaveDraft_Close.jpg
MS_GRCI_UserGuide\Governance_Risk_Compliance_Intelligence\CollapseIcon00006.jpg
MS_GRCI_UserGuide\Governance_Risk_Compliance_Intelligence\Details_icon.jpg
MS_GRCI_UserGuide\Governance_Risk_Compliance_Intelligence\CollapseIcon.jpg
MultiWindowUnpinIcon00001.jpg
HOme.jpg
red_right.jpg
accessing_log_issues_form.jpg
FormToolBarCancel.jpg
FormToolBarPrinticon.jpg
PDF_Image.jpg
red_right.gif
Accessing_Notify_Users_form.jpg
ClearButton.jpg
GridLastPage.jpg
GridNextPage.jpg
GridPrevPage.jpg
Restore00002.jpg
Minimize.jpg
Content_Home_apage.jpg
RenameIcon.jpg
ValidateButton.jpg
GridPage.jpg
GridCollapseItemType.jpg
RoboHHRE.lng
index.ppf
ehlpdhtm.js
SearchOptions.xml
whxdata\package_0_xml.js
whxdata\package_1_xml.js
whxdata\package_2_xml.js
whxdata\package_3_xml.js
whxdata\package_4_xml.js
whxdata\package_5_xml.js
whxdata\package_6_xml.js
whxdata\package_7_xml.js
whxdata\package_8_xml.js
whxdata\package_9_xml.js
whxdata\package_10_xml.js
whxdata\package_11_xml.js
whxdata\package_12_xml.js
whxdata\package_13_xml.js
whxdata\package_14_xml.js
whxdata\package_15_xml.js
whxdata\package_16_xml.js
whxdata\package_17_xml.js
whxdata\packageindex_xml.js
whxdata\synonym.xml
whxdata\synonym_xml.js
whxdata\topictable_0_xml.js
whxdata\topictableindex_xml.js
whxdata\whfts.xml
whxdata\whfts_xml.js
whproj_xml.js
whxdata\whtoc_xml.js
whxdata\whidx_xml.js
whxdata\whglo_xml.js
resource\resource_xml.js
whbrs_xml.js
whres_xml.js
whcsh_xml.js
whxdata\whtdata0_xml.js
whxdata\whgdata0_xml.js
whdata\whtdata0.htm
whdata\whgdata0.htm
whgdata\whlstt0.htm
whgdata\whlstt1.htm
whgdata\whlstt2.htm
whgdata\whlstt3.htm
whgdata\whlsti0.htm
whgdata\whlstfl0.htm
whgdata\whlstfl1.htm
whgdata\whlstfl2.htm
whgdata\whlstfl3.htm
whgdata\whlstfl4.htm
whgdata\whlstfl5.htm
whgdata\whlstfl6.htm
whgdata\whlstfl7.htm
whgdata\whlstfl8.htm
whgdata\whlstfl9.htm
whgdata\whlstfl10.htm
whgdata\whlstfl11.htm
whgdata\whlstfl12.htm
whgdata\whlstfl13.htm
whgdata\whlstfl14.htm
whgdata\whlstfl15.htm
whgdata\whlstfl16.htm
whgdata\whlstfl17.htm
whgdata\whlstfl18.htm
whgdata\whlstfl19.htm
whgdata\whlstfl20.htm
whgdata\whlstfl21.htm
whgdata\whlstfl22.htm
whgdata\whlstfl23.htm
whgdata\whlstf0.htm
whgdata\whlstf1.htm
whgdata\whlstf2.htm
whgdata\whlstf3.htm
whgdata\whlstf4.htm
whgdata\whlstf5.htm
whgdata\whlstf6.htm
whgdata\whlstf7.htm
whgdata\whlstf8.htm
whgdata\whlstf9.htm
whgdata\whlstg0.htm
index.htm
index_csh.htm
index_rhc.htm
